<?xml version="1.0" encoding="UTF-8"?>
<!-- Generated by org.testng.reporters.JUnitReportReporter -->
<testsuite skipped="0" hostname="sysadmin-PC" name="day1.sample5" tests="1" failures="0" timestamp="22 Apr 2017 16:52:26 GMT" time="60.532" errors="0">
  <testcase name="testSample5" time="60.532" classname="day1.sample5"/>
</testsuite> <!-- day1.sample5 -->
