<?xml version="1.0" encoding="UTF-8"?>
<!-- Generated by org.testng.reporters.JUnitReportReporter -->
<testsuite skipped="0" hostname="sysadmin-PC" name="week2.Homework.com.CreateLeadWrapperClass" tests="1" failures="0" timestamp="13 May 2017 20:46:43 GMT" time="39.864" errors="0">
  <testcase name="CreateLeads" time="39.864" classname="week2.Homework.com.CreateLeadWrapperClass"/>
</testsuite> <!-- week2.Homework.com.CreateLeadWrapperClass -->
